Compiling the Fortran compiler identification source file "CMakeFortranCompilerId.F" succeeded.
Compiler: /usr/local/bin/gfortran 
Build flags: 
Id flags: -v

The output was:
0
Driving: /usr/local/bin/gfortran -mmacosx-version-min=10.11.6 -v CMakeFortranCompilerId.F -l gfortran -shared-libgcc
Using built-in specs.
COLLECT_GCC=/usr/local/bin/gfortran
COLLECT_LTO_WRAPPER=/usr/local/Cellar/gcc/5.3.0/libexec/gcc/x86_64-apple-darwin15.0.0/5.3.0/lto-wrapper
Target: x86_64-apple-darwin15.0.0
Configured with: ../configure --build=x86_64-apple-darwin15.0.0 --prefix=/usr/local/Cellar/gcc/5.3.0 --libdir=/usr/local/Cellar/gcc/5.3.0/lib/gcc/5 --enable-languages=c,c++,objc,obj-c++,fortran --program-suffix=-5 --with-gmp=/usr/local/opt/gmp --with-mpfr=/usr/local/opt/mpfr --with-mpc=/usr/local/opt/libmpc --with-isl=/usr/local/opt/isl --with-system-zlib --enable-libstdcxx-time=yes --enable-stage1-checking --enable-checking=release --enable-lto --with-build-config=bootstrap-debug --disable-werror --with-pkgversion='Homebrew gcc 5.3.0' --with-bugurl=https://github.com/Homebrew/homebrew/issues --enable-plugin --disable-nls --enable-multilib
Thread model: posix
gcc version 5.3.0 (Homebrew gcc 5.3.0) 
COLLECT_GCC_OPTIONS='-mmacosx-version-min=10.11.6' '-v' '-shared-libgcc' '-mtune=core2'
 /usr/local/Cellar/gcc/5.3.0/libexec/gcc/x86_64-apple-darwin15.0.0/5.3.0/f951 CMakeFortranCompilerId.F -ffixed-form -cpp=/var/folders/gd/ns6g1ncd7kgbxglpynczvlznxpq4sw/T//ccNKRVs0.f90 -quiet -v -D__DYNAMIC__ CMakeFortranCompilerId.F -fPIC -quiet -dumpbase CMakeFortranCompilerId.F -mmacosx-version-min=10.11.6 -mtune=core2 -auxbase CMakeFortranCompilerId -version -fintrinsic-modules-path /usr/local/Cellar/gcc/5.3.0/lib/gcc/5/gcc/x86_64-apple-darwin15.0.0/5.3.0/finclude -o /var/folders/gd/ns6g1ncd7kgbxglpynczvlznxpq4sw/T//ccpDHolk.s
GNU Fortran (Homebrew gcc 5.3.0) version 5.3.0 (x86_64-apple-darwin15.0.0)
	compiled by GNU C version 5.3.0, GMP version 6.1.0, MPFR version 3.1.3-p2, MPC version 1.0.3
warning: GMP header version 6.1.0 differs from library version 6.1.1.
warning: MPFR header version 3.1.3-p2 differs from library version 3.1.4-p1.
GGC heuristics: --param ggc-min-expand=100 --param ggc-min-heapsize=131072
ignoring nonexistent directory "/usr/local/Cellar/gcc/5.3.0/lib/gcc/5/gcc/x86_64-apple-darwin15.0.0/5.3.0/../../../../../../x86_64-apple-darwin15.0.0/include"
#include "..." search starts here:
#include <...> search starts here:
 /usr/local/Cellar/gcc/5.3.0/lib/gcc/5/gcc/x86_64-apple-darwin15.0.0/5.3.0/finclude
 /usr/local/Cellar/gcc/5.3.0/lib/gcc/5/gcc/x86_64-apple-darwin15.0.0/5.3.0/include
 /usr/local/include
 /usr/local/Cellar/gcc/5.3.0/include
 /usr/local/Cellar/gcc/5.3.0/lib/gcc/5/gcc/x86_64-apple-darwin15.0.0/5.3.0/include-fixed
 /usr/include
End of search list.
GNU Fortran2008 (Homebrew gcc 5.3.0) version 5.3.0 (x86_64-apple-darwin15.0.0)
	compiled by GNU C version 5.3.0, GMP version 6.1.0, MPFR version 3.1.3-p2, MPC version 1.0.3
warning: GMP header version 6.1.0 differs from library version 6.1.1.
warning: MPFR header version 3.1.3-p2 differs from library version 3.1.4-p1.
GGC heuristics: --param ggc-min-expand=100 --param ggc-min-heapsize=131072
COLLECT_GCC_OPTIONS='-mmacosx-version-min=10.11.6' '-v' '-shared-libgcc' '-mtune=core2'
 as -arch x86_64 -force_cpusubtype_ALL -o /var/folders/gd/ns6g1ncd7kgbxglpynczvlznxpq4sw/T//ccGXSrg7.o /var/folders/gd/ns6g1ncd7kgbxglpynczvlznxpq4sw/T//ccpDHolk.s
Reading specs from /usr/local/Cellar/gcc/5.3.0/lib/gcc/5/gcc/x86_64-apple-darwin15.0.0/5.3.0/../../../libgfortran.spec
rename spec lib to liborig
COLLECT_GCC_OPTIONS='-mmacosx-version-min=10.11.6' '-v' '-shared-libgcc' '-mtune=core2'
COMPILER_PATH=/usr/local/Cellar/gcc/5.3.0/libexec/gcc/x86_64-apple-darwin15.0.0/5.3.0/:/usr/local/Cellar/gcc/5.3.0/libexec/gcc/x86_64-apple-darwin15.0.0/5.3.0/:/usr/local/Cellar/gcc/5.3.0/libexec/gcc/x86_64-apple-darwin15.0.0/:/usr/local/Cellar/gcc/5.3.0/lib/gcc/5/gcc/x86_64-apple-darwin15.0.0/5.3.0/:/usr/local/Cellar/gcc/5.3.0/lib/gcc/5/gcc/x86_64-apple-darwin15.0.0/
LIBRARY_PATH=/usr/local/Cellar/gcc/5.3.0/lib/gcc/5/gcc/x86_64-apple-darwin15.0.0/5.3.0/:/usr/local/Cellar/gcc/5.3.0/lib/gcc/5/gcc/x86_64-apple-darwin15.0.0/5.3.0/../../../:/usr/lib/
COLLECT_GCC_OPTIONS='-mmacosx-version-min=10.11.6' '-v' '-shared-libgcc' '-mtune=core2'
 /usr/local/Cellar/gcc/5.3.0/libexec/gcc/x86_64-apple-darwin15.0.0/5.3.0/collect2 -dynamic -arch x86_64 -macosx_version_min 10.11.6 -weak_reference_mismatches non-weak -o a.out -L/usr/local/Cellar/gcc/5.3.0/lib/gcc/5/gcc/x86_64-apple-darwin15.0.0/5.3.0 -L/usr/local/Cellar/gcc/5.3.0/lib/gcc/5/gcc/x86_64-apple-darwin15.0.0/5.3.0/../../.. /var/folders/gd/ns6g1ncd7kgbxglpynczvlznxpq4sw/T//ccGXSrg7.o -lgfortran -no_compact_unwind -lSystem -lgcc_ext.10.5 -lgcc -lquadmath -lm -lgcc_ext.10.5 -lgcc -lSystem -v
collect2 version 5.3.0
/usr/bin/ld -dynamic -arch x86_64 -macosx_version_min 10.11.6 -weak_reference_mismatches non-weak -o a.out -L/usr/local/Cellar/gcc/5.3.0/lib/gcc/5/gcc/x86_64-apple-darwin15.0.0/5.3.0 -L/usr/local/Cellar/gcc/5.3.0/lib/gcc/5/gcc/x86_64-apple-darwin15.0.0/5.3.0/../../.. /var/folders/gd/ns6g1ncd7kgbxglpynczvlznxpq4sw/T//ccGXSrg7.o -lgfortran -no_compact_unwind -lSystem -lgcc_ext.10.5 -lgcc -lquadmath -lm -lgcc_ext.10.5 -lgcc -lSystem -v
@(#)PROGRAM:ld  PROJECT:ld64-264.3.102
configured to support archs: armv6 armv7 armv7s arm64 i386 x86_64 x86_64h armv6m armv7k armv7m armv7em (tvOS)
Library search paths:
	/usr/local/Cellar/gcc/5.3.0/lib/gcc/5/gcc/x86_64-apple-darwin15.0.0/5.3.0
	/usr/local/Cellar/gcc/5.3.0/lib/gcc/5
	/usr/lib
	/usr/local/lib
Framework search paths:
	/Library/Frameworks/
	/System/Library/Frameworks/
 /usr/bin/nm -n /var/folders/gd/ns6g1ncd7kgbxglpynczvlznxpq4sw/T//ccGXSrg7.o


Compilation of the Fortran compiler identification source "CMakeFortranCompilerId.F" produced "a.out"

The Fortran compiler identification is GNU, found in "/Users/ww5/dev/Testing123/build/CMakeFiles/3.4.3/CompilerIdFortran/a.out"

Determining if the Fortran compiler works passed with the following output:
Change Dir: /Users/ww5/dev/Testing123/build/CMakeFiles/CMakeTmp

Run Build Command:"/opt/local/bin/gmake" "cmTC_b2621/fast"
/opt/local/bin/gmake -f CMakeFiles/cmTC_b2621.dir/build.make CMakeFiles/cmTC_b2621.dir/build
gmake[1]: Entering directory '/Users/ww5/dev/Testing123/build/CMakeFiles/CMakeTmp'
Building Fortran object CMakeFiles/cmTC_b2621.dir/testFortranCompiler.f.o
/usr/local/bin/gfortran     -c /Users/ww5/dev/Testing123/build/CMakeFiles/CMakeTmp/testFortranCompiler.f -o CMakeFiles/cmTC_b2621.dir/testFortranCompiler.f.o
Linking Fortran executable cmTC_b2621
/opt/local/bin/cmake -E cmake_link_script CMakeFiles/cmTC_b2621.dir/link.txt --verbose=1
/usr/local/bin/gfortran       CMakeFiles/cmTC_b2621.dir/testFortranCompiler.f.o  -o cmTC_b2621  
gmake[1]: Leaving directory '/Users/ww5/dev/Testing123/build/CMakeFiles/CMakeTmp'


Detecting Fortran compiler ABI info compiled with the following output:
Change Dir: /Users/ww5/dev/Testing123/build/CMakeFiles/CMakeTmp

Run Build Command:"/opt/local/bin/gmake" "cmTC_e4dee/fast"
/opt/local/bin/gmake -f CMakeFiles/cmTC_e4dee.dir/build.make CMakeFiles/cmTC_e4dee.dir/build
gmake[1]: Entering directory '/Users/ww5/dev/Testing123/build/CMakeFiles/CMakeTmp'
Building Fortran object CMakeFiles/cmTC_e4dee.dir/CMakeFortranCompilerABI.F.o
/usr/local/bin/gfortran     -c /opt/local/share/cmake-3.4/Modules/CMakeFortranCompilerABI.F -o CMakeFiles/cmTC_e4dee.dir/CMakeFortranCompilerABI.F.o
Linking Fortran executable cmTC_e4dee
/opt/local/bin/cmake -E cmake_link_script CMakeFiles/cmTC_e4dee.dir/link.txt --verbose=1
/usr/local/bin/gfortran    -v -Wl,-v   CMakeFiles/cmTC_e4dee.dir/CMakeFortranCompilerABI.F.o  -o cmTC_e4dee   
Driving: /usr/local/bin/gfortran -mmacosx-version-min=10.11.6 -v -Wl,-v CMakeFiles/cmTC_e4dee.dir/CMakeFortranCompilerABI.F.o -o cmTC_e4dee -l gfortran -shared-libgcc
Using built-in specs.
COLLECT_GCC=/usr/local/bin/gfortran
COLLECT_LTO_WRAPPER=/usr/local/Cellar/gcc/5.3.0/libexec/gcc/x86_64-apple-darwin15.0.0/5.3.0/lto-wrapper
Target: x86_64-apple-darwin15.0.0
Configured with: ../configure --build=x86_64-apple-darwin15.0.0 --prefix=/usr/local/Cellar/gcc/5.3.0 --libdir=/usr/local/Cellar/gcc/5.3.0/lib/gcc/5 --enable-languages=c,c++,objc,obj-c++,fortran --program-suffix=-5 --with-gmp=/usr/local/opt/gmp --with-mpfr=/usr/local/opt/mpfr --with-mpc=/usr/local/opt/libmpc --with-isl=/usr/local/opt/isl --with-system-zlib --enable-libstdcxx-time=yes --enable-stage1-checking --enable-checking=release --enable-lto --with-build-config=bootstrap-debug --disable-werror --with-pkgversion='Homebrew gcc 5.3.0' --with-bugurl=https://github.com/Homebrew/homebrew/issues --enable-plugin --disable-nls --enable-multilib
Thread model: posix
gcc version 5.3.0 (Homebrew gcc 5.3.0) 
Reading specs from /usr/local/Cellar/gcc/5.3.0/lib/gcc/5/gcc/x86_64-apple-darwin15.0.0/5.3.0/../../../libgfortran.spec
rename spec lib to liborig
COLLECT_GCC_OPTIONS='-mmacosx-version-min=10.11.6' '-v' '-o' 'cmTC_e4dee' '-shared-libgcc' '-mtune=core2'
COMPILER_PATH=/usr/local/Cellar/gcc/5.3.0/libexec/gcc/x86_64-apple-darwin15.0.0/5.3.0/:/usr/local/Cellar/gcc/5.3.0/libexec/gcc/x86_64-apple-darwin15.0.0/5.3.0/:/usr/local/Cellar/gcc/5.3.0/libexec/gcc/x86_64-apple-darwin15.0.0/:/usr/local/Cellar/gcc/5.3.0/lib/gcc/5/gcc/x86_64-apple-darwin15.0.0/5.3.0/:/usr/local/Cellar/gcc/5.3.0/lib/gcc/5/gcc/x86_64-apple-darwin15.0.0/
LIBRARY_PATH=/usr/local/Cellar/gcc/5.3.0/lib/gcc/5/gcc/x86_64-apple-darwin15.0.0/5.3.0/:/usr/local/Cellar/gcc/5.3.0/lib/gcc/5/gcc/x86_64-apple-darwin15.0.0/5.3.0/../../../:/usr/lib/
COLLECT_GCC_OPTIONS='-mmacosx-version-min=10.11.6' '-v' '-o' 'cmTC_e4dee' '-shared-libgcc' '-mtune=core2'
 /usr/local/Cellar/gcc/5.3.0/libexec/gcc/x86_64-apple-darwin15.0.0/5.3.0/collect2 -dynamic -arch x86_64 -macosx_version_min 10.11.6 -weak_reference_mismatches non-weak -o cmTC_e4dee -L/usr/local/Cellar/gcc/5.3.0/lib/gcc/5/gcc/x86_64-apple-darwin15.0.0/5.3.0 -L/usr/local/Cellar/gcc/5.3.0/lib/gcc/5/gcc/x86_64-apple-darwin15.0.0/5.3.0/../../.. -v CMakeFiles/cmTC_e4dee.dir/CMakeFortranCompilerABI.F.o -lgfortran -no_compact_unwind -lSystem -lgcc_ext.10.5 -lgcc -lquadmath -lm -lgcc_ext.10.5 -lgcc -lSystem -v
collect2 version 5.3.0
/usr/bin/ld -dynamic -arch x86_64 -macosx_version_min 10.11.6 -weak_reference_mismatches non-weak -o cmTC_e4dee -L/usr/local/Cellar/gcc/5.3.0/lib/gcc/5/gcc/x86_64-apple-darwin15.0.0/5.3.0 -L/usr/local/Cellar/gcc/5.3.0/lib/gcc/5/gcc/x86_64-apple-darwin15.0.0/5.3.0/../../.. -v CMakeFiles/cmTC_e4dee.dir/CMakeFortranCompilerABI.F.o -lgfortran -no_compact_unwind -lSystem -lgcc_ext.10.5 -lgcc -lquadmath -lm -lgcc_ext.10.5 -lgcc -lSystem -v
@(#)PROGRAM:ld  PROJECT:ld64-264.3.102
configured to support archs: armv6 armv7 armv7s arm64 i386 x86_64 x86_64h armv6m armv7k armv7m armv7em (tvOS)
@(#)PROGRAM:ld  PROJECT:ld64-264.3.102
configured to support archs: armv6 armv7 armv7s arm64 i386 x86_64 x86_64h armv6m armv7k armv7m armv7em (tvOS)
Library search paths:
	/usr/local/Cellar/gcc/5.3.0/lib/gcc/5/gcc/x86_64-apple-darwin15.0.0/5.3.0
	/usr/local/Cellar/gcc/5.3.0/lib/gcc/5
	/usr/lib
	/usr/local/lib
Framework search paths:
	/Library/Frameworks/
	/System/Library/Frameworks/
 /usr/bin/nm -n CMakeFiles/cmTC_e4dee.dir/CMakeFortranCompilerABI.F.o
gmake[1]: Leaving directory '/Users/ww5/dev/Testing123/build/CMakeFiles/CMakeTmp'


Parsed Fortran implicit link information from above output:
  link line regex: [^( *|.*[/\])(ld|([^/\]+-)?ld|collect2)[^/\]*( |$)]
  ignore line: [Change Dir: /Users/ww5/dev/Testing123/build/CMakeFiles/CMakeTmp]
  ignore line: []
  ignore line: [Run Build Command:"/opt/local/bin/gmake" "cmTC_e4dee/fast"]
  ignore line: [/opt/local/bin/gmake -f CMakeFiles/cmTC_e4dee.dir/build.make CMakeFiles/cmTC_e4dee.dir/build]
  ignore line: [gmake[1]: Entering directory '/Users/ww5/dev/Testing123/build/CMakeFiles/CMakeTmp']
  ignore line: [Building Fortran object CMakeFiles/cmTC_e4dee.dir/CMakeFortranCompilerABI.F.o]
  ignore line: [/usr/local/bin/gfortran     -c /opt/local/share/cmake-3.4/Modules/CMakeFortranCompilerABI.F -o CMakeFiles/cmTC_e4dee.dir/CMakeFortranCompilerABI.F.o]
  ignore line: [Linking Fortran executable cmTC_e4dee]
  ignore line: [/opt/local/bin/cmake -E cmake_link_script CMakeFiles/cmTC_e4dee.dir/link.txt --verbose=1]
  ignore line: [/usr/local/bin/gfortran    -v -Wl,-v   CMakeFiles/cmTC_e4dee.dir/CMakeFortranCompilerABI.F.o  -o cmTC_e4dee   ]
  ignore line: [Driving: /usr/local/bin/gfortran -mmacosx-version-min=10.11.6 -v -Wl,-v CMakeFiles/cmTC_e4dee.dir/CMakeFortranCompilerABI.F.o -o cmTC_e4dee -l gfortran -shared-libgcc]
  ignore line: [Using built-in specs.]
  ignore line: [COLLECT_GCC=/usr/local/bin/gfortran]
  ignore line: [COLLECT_LTO_WRAPPER=/usr/local/Cellar/gcc/5.3.0/libexec/gcc/x86_64-apple-darwin15.0.0/5.3.0/lto-wrapper]
  ignore line: [Target: x86_64-apple-darwin15.0.0]
  ignore line: [Configured with: ../configure --build=x86_64-apple-darwin15.0.0 --prefix=/usr/local/Cellar/gcc/5.3.0 --libdir=/usr/local/Cellar/gcc/5.3.0/lib/gcc/5 --enable-languages=c,c++,objc,obj-c++,fortran --program-suffix=-5 --with-gmp=/usr/local/opt/gmp --with-mpfr=/usr/local/opt/mpfr --with-mpc=/usr/local/opt/libmpc --with-isl=/usr/local/opt/isl --with-system-zlib --enable-libstdcxx-time=yes --enable-stage1-checking --enable-checking=release --enable-lto --with-build-config=bootstrap-debug --disable-werror --with-pkgversion='Homebrew gcc 5.3.0' --with-bugurl=https://github.com/Homebrew/homebrew/issues --enable-plugin --disable-nls --enable-multilib]
  ignore line: [Thread model: posix]
  ignore line: [gcc version 5.3.0 (Homebrew gcc 5.3.0) ]
  ignore line: [Reading specs from /usr/local/Cellar/gcc/5.3.0/lib/gcc/5/gcc/x86_64-apple-darwin15.0.0/5.3.0/../../../libgfortran.spec]
  ignore line: [rename spec lib to liborig]
  ignore line: [COLLECT_GCC_OPTIONS='-mmacosx-version-min=10.11.6' '-v' '-o' 'cmTC_e4dee' '-shared-libgcc' '-mtune=core2']
  ignore line: [COMPILER_PATH=/usr/local/Cellar/gcc/5.3.0/libexec/gcc/x86_64-apple-darwin15.0.0/5.3.0/:/usr/local/Cellar/gcc/5.3.0/libexec/gcc/x86_64-apple-darwin15.0.0/5.3.0/:/usr/local/Cellar/gcc/5.3.0/libexec/gcc/x86_64-apple-darwin15.0.0/:/usr/local/Cellar/gcc/5.3.0/lib/gcc/5/gcc/x86_64-apple-darwin15.0.0/5.3.0/:/usr/local/Cellar/gcc/5.3.0/lib/gcc/5/gcc/x86_64-apple-darwin15.0.0/]
  ignore line: [LIBRARY_PATH=/usr/local/Cellar/gcc/5.3.0/lib/gcc/5/gcc/x86_64-apple-darwin15.0.0/5.3.0/:/usr/local/Cellar/gcc/5.3.0/lib/gcc/5/gcc/x86_64-apple-darwin15.0.0/5.3.0/../../../:/usr/lib/]
  ignore line: [COLLECT_GCC_OPTIONS='-mmacosx-version-min=10.11.6' '-v' '-o' 'cmTC_e4dee' '-shared-libgcc' '-mtune=core2']
  link line: [ /usr/local/Cellar/gcc/5.3.0/libexec/gcc/x86_64-apple-darwin15.0.0/5.3.0/collect2 -dynamic -arch x86_64 -macosx_version_min 10.11.6 -weak_reference_mismatches non-weak -o cmTC_e4dee -L/usr/local/Cellar/gcc/5.3.0/lib/gcc/5/gcc/x86_64-apple-darwin15.0.0/5.3.0 -L/usr/local/Cellar/gcc/5.3.0/lib/gcc/5/gcc/x86_64-apple-darwin15.0.0/5.3.0/../../.. -v CMakeFiles/cmTC_e4dee.dir/CMakeFortranCompilerABI.F.o -lgfortran -no_compact_unwind -lSystem -lgcc_ext.10.5 -lgcc -lquadmath -lm -lgcc_ext.10.5 -lgcc -lSystem -v]
    arg [/usr/local/Cellar/gcc/5.3.0/libexec/gcc/x86_64-apple-darwin15.0.0/5.3.0/collect2] ==> ignore
    arg [-dynamic] ==> ignore
    arg [-arch] ==> ignore
    arg [x86_64] ==> ignore
    arg [-macosx_version_min] ==> ignore
    arg [10.11.6] ==> ignore
    arg [-weak_reference_mismatches] ==> ignore
    arg [non-weak] ==> ignore
    arg [-o] ==> ignore
    arg [cmTC_e4dee] ==> ignore
    arg [-L/usr/local/Cellar/gcc/5.3.0/lib/gcc/5/gcc/x86_64-apple-darwin15.0.0/5.3.0] ==> dir [/usr/local/Cellar/gcc/5.3.0/lib/gcc/5/gcc/x86_64-apple-darwin15.0.0/5.3.0]
    arg [-L/usr/local/Cellar/gcc/5.3.0/lib/gcc/5/gcc/x86_64-apple-darwin15.0.0/5.3.0/../../..] ==> dir [/usr/local/Cellar/gcc/5.3.0/lib/gcc/5/gcc/x86_64-apple-darwin15.0.0/5.3.0/../../..]
    arg [-v] ==> ignore
    arg [CMakeFiles/cmTC_e4dee.dir/CMakeFortranCompilerABI.F.o] ==> ignore
    arg [-lgfortran] ==> lib [gfortran]
    arg [-no_compact_unwind] ==> ignore
    arg [-lSystem] ==> lib [System]
    arg [-lgcc_ext.10.5] ==> lib [gcc_ext.10.5]
    arg [-lgcc] ==> lib [gcc]
    arg [-lquadmath] ==> lib [quadmath]
    arg [-lm] ==> lib [m]
    arg [-lgcc_ext.10.5] ==> lib [gcc_ext.10.5]
    arg [-lgcc] ==> lib [gcc]
    arg [-lSystem] ==> lib [System]
    arg [-v] ==> ignore
  Library search paths: [;/usr/local/Cellar/gcc/5.3.0/lib/gcc/5/gcc/x86_64-apple-darwin15.0.0/5.3.0;/usr/local/Cellar/gcc/5.3.0/lib/gcc/5;/usr/lib;/usr/local/lib]
  Framework search paths: [;/Library/Frameworks/;/System/Library/Frameworks/]
  remove lib [System]
  remove lib [gcc_ext.10.5]
  remove lib [gcc]
  remove lib [gcc_ext.10.5]
  remove lib [gcc]
  remove lib [System]
  collapse library dir [/usr/local/Cellar/gcc/5.3.0/lib/gcc/5/gcc/x86_64-apple-darwin15.0.0/5.3.0] ==> [/usr/local/Cellar/gcc/5.3.0/lib/gcc/5/gcc/x86_64-apple-darwin15.0.0/5.3.0]
  collapse library dir [/usr/local/Cellar/gcc/5.3.0/lib/gcc/5/gcc/x86_64-apple-darwin15.0.0/5.3.0/../../..] ==> [/usr/local/Cellar/gcc/5.3.0/lib/gcc/5]
  collapse library dir [/usr/local/Cellar/gcc/5.3.0/lib/gcc/5/gcc/x86_64-apple-darwin15.0.0/5.3.0] ==> [/usr/local/Cellar/gcc/5.3.0/lib/gcc/5/gcc/x86_64-apple-darwin15.0.0/5.3.0]
  collapse library dir [/usr/local/Cellar/gcc/5.3.0/lib/gcc/5] ==> [/usr/local/Cellar/gcc/5.3.0/lib/gcc/5]
  collapse library dir [/usr/lib] ==> [/usr/lib]
  collapse library dir [/usr/local/lib] ==> [/usr/local/lib]
  collapse framework dir [/Library/Frameworks/] ==> [/Library/Frameworks]
  collapse framework dir [/System/Library/Frameworks/] ==> [/System/Library/Frameworks]
  implicit libs: [gfortran;quadmath;m]
  implicit dirs: [/usr/local/Cellar/gcc/5.3.0/lib/gcc/5/gcc/x86_64-apple-darwin15.0.0/5.3.0;/usr/local/Cellar/gcc/5.3.0/lib/gcc/5;/usr/lib;/usr/local/lib]
  implicit fwks: [/Library/Frameworks;/System/Library/Frameworks]


Determining if the Fortran compiler supports Fortran 90 passed with the following output:
Change Dir: /Users/ww5/dev/Testing123/build/CMakeFiles/CMakeTmp

Run Build Command:"/opt/local/bin/gmake" "cmTC_370d0/fast"
/opt/local/bin/gmake -f CMakeFiles/cmTC_370d0.dir/build.make CMakeFiles/cmTC_370d0.dir/build
gmake[1]: Entering directory '/Users/ww5/dev/Testing123/build/CMakeFiles/CMakeTmp'
Building Fortran object CMakeFiles/cmTC_370d0.dir/testFortranCompilerF90.f90.o
/usr/local/bin/gfortran     -c /Users/ww5/dev/Testing123/build/CMakeFiles/CMakeTmp/testFortranCompilerF90.f90 -o CMakeFiles/cmTC_370d0.dir/testFortranCompilerF90.f90.o
Linking Fortran executable cmTC_370d0
/opt/local/bin/cmake -E cmake_link_script CMakeFiles/cmTC_370d0.dir/link.txt --verbose=1
/usr/local/bin/gfortran       CMakeFiles/cmTC_370d0.dir/testFortranCompilerF90.f90.o  -o cmTC_370d0  
gmake[1]: Leaving directory '/Users/ww5/dev/Testing123/build/CMakeFiles/CMakeTmp'


Determining if the include file sys/time.h exists passed with the following output:
Change Dir: /Users/ww5/dev/Testing123/build/CMakeFiles/CMakeTmp

Run Build Command:"/opt/local/bin/gmake" "cmTC_d3f7a/fast"
/opt/local/bin/gmake -f CMakeFiles/cmTC_d3f7a.dir/build.make CMakeFiles/cmTC_d3f7a.dir/build
gmake[1]: Entering directory '/Users/ww5/dev/Testing123/build/CMakeFiles/CMakeTmp'
Building CXX object CMakeFiles/cmTC_d3f7a.dir/CheckIncludeFile.cxx.o
/Applications/Xcode.app/Contents/Developer/Toolchains/XcodeDefault.xctoolchain/usr/bin/c++     -std=c++11    -o CMakeFiles/cmTC_d3f7a.dir/CheckIncludeFile.cxx.o -c /Users/ww5/dev/Testing123/build/CMakeFiles/CMakeTmp/CheckIncludeFile.cxx
Linking CXX executable cmTC_d3f7a
/opt/local/bin/cmake -E cmake_link_script CMakeFiles/cmTC_d3f7a.dir/link.txt --verbose=1
/Applications/Xcode.app/Contents/Developer/Toolchains/XcodeDefault.xctoolchain/usr/bin/c++    -std=c++11  -Wl,-search_paths_first -Wl,-headerpad_max_install_names   CMakeFiles/cmTC_d3f7a.dir/CheckIncludeFile.cxx.o  -o cmTC_d3f7a  
gmake[1]: Leaving directory '/Users/ww5/dev/Testing123/build/CMakeFiles/CMakeTmp'


Determining if the include file time.h exists passed with the following output:
Change Dir: /Users/ww5/dev/Testing123/build/CMakeFiles/CMakeTmp

Run Build Command:"/opt/local/bin/gmake" "cmTC_57a85/fast"
/opt/local/bin/gmake -f CMakeFiles/cmTC_57a85.dir/build.make CMakeFiles/cmTC_57a85.dir/build
gmake[1]: Entering directory '/Users/ww5/dev/Testing123/build/CMakeFiles/CMakeTmp'
Building CXX object CMakeFiles/cmTC_57a85.dir/CheckIncludeFile.cxx.o
/Applications/Xcode.app/Contents/Developer/Toolchains/XcodeDefault.xctoolchain/usr/bin/c++     -std=c++11    -o CMakeFiles/cmTC_57a85.dir/CheckIncludeFile.cxx.o -c /Users/ww5/dev/Testing123/build/CMakeFiles/CMakeTmp/CheckIncludeFile.cxx
Linking CXX executable cmTC_57a85
/opt/local/bin/cmake -E cmake_link_script CMakeFiles/cmTC_57a85.dir/link.txt --verbose=1
/Applications/Xcode.app/Contents/Developer/Toolchains/XcodeDefault.xctoolchain/usr/bin/c++    -std=c++11  -Wl,-search_paths_first -Wl,-headerpad_max_install_names   CMakeFiles/cmTC_57a85.dir/CheckIncludeFile.cxx.o  -o cmTC_57a85  
gmake[1]: Leaving directory '/Users/ww5/dev/Testing123/build/CMakeFiles/CMakeTmp'


Determining if the include file stdint.h exists passed with the following output:
Change Dir: /Users/ww5/dev/Testing123/build/CMakeFiles/CMakeTmp

Run Build Command:"/opt/local/bin/gmake" "cmTC_89959/fast"
/opt/local/bin/gmake -f CMakeFiles/cmTC_89959.dir/build.make CMakeFiles/cmTC_89959.dir/build
gmake[1]: Entering directory '/Users/ww5/dev/Testing123/build/CMakeFiles/CMakeTmp'
Building CXX object CMakeFiles/cmTC_89959.dir/CheckIncludeFile.cxx.o
/Applications/Xcode.app/Contents/Developer/Toolchains/XcodeDefault.xctoolchain/usr/bin/c++     -std=c++11    -o CMakeFiles/cmTC_89959.dir/CheckIncludeFile.cxx.o -c /Users/ww5/dev/Testing123/build/CMakeFiles/CMakeTmp/CheckIncludeFile.cxx
Linking CXX executable cmTC_89959
/opt/local/bin/cmake -E cmake_link_script CMakeFiles/cmTC_89959.dir/link.txt --verbose=1
/Applications/Xcode.app/Contents/Developer/Toolchains/XcodeDefault.xctoolchain/usr/bin/c++    -std=c++11  -Wl,-search_paths_first -Wl,-headerpad_max_install_names   CMakeFiles/cmTC_89959.dir/CheckIncludeFile.cxx.o  -o cmTC_89959  
gmake[1]: Leaving directory '/Users/ww5/dev/Testing123/build/CMakeFiles/CMakeTmp'


Determining if the include file inttypes.h exists passed with the following output:
Change Dir: /Users/ww5/dev/Testing123/build/CMakeFiles/CMakeTmp

Run Build Command:"/opt/local/bin/gmake" "cmTC_4ea3b/fast"
/opt/local/bin/gmake -f CMakeFiles/cmTC_4ea3b.dir/build.make CMakeFiles/cmTC_4ea3b.dir/build
gmake[1]: Entering directory '/Users/ww5/dev/Testing123/build/CMakeFiles/CMakeTmp'
Building CXX object CMakeFiles/cmTC_4ea3b.dir/CheckIncludeFile.cxx.o
/Applications/Xcode.app/Contents/Developer/Toolchains/XcodeDefault.xctoolchain/usr/bin/c++     -std=c++11    -o CMakeFiles/cmTC_4ea3b.dir/CheckIncludeFile.cxx.o -c /Users/ww5/dev/Testing123/build/CMakeFiles/CMakeTmp/CheckIncludeFile.cxx
Linking CXX executable cmTC_4ea3b
/opt/local/bin/cmake -E cmake_link_script CMakeFiles/cmTC_4ea3b.dir/link.txt --verbose=1
/Applications/Xcode.app/Contents/Developer/Toolchains/XcodeDefault.xctoolchain/usr/bin/c++    -std=c++11  -Wl,-search_paths_first -Wl,-headerpad_max_install_names   CMakeFiles/cmTC_4ea3b.dir/CheckIncludeFile.cxx.o  -o cmTC_4ea3b  
gmake[1]: Leaving directory '/Users/ww5/dev/Testing123/build/CMakeFiles/CMakeTmp'


Verifying Fortran/CXX Compiler Compatibility passed with the following output:
Change Dir: /Users/ww5/dev/Testing123/build/CMakeFiles/FortranCInterface/VerifyCXX

Run Build Command:"/opt/local/bin/gmake"
/opt/local/bin/cmake -H/opt/local/share/cmake-3.4/Modules/FortranCInterface/Verify -B/Users/ww5/dev/Testing123/build/CMakeFiles/FortranCInterface/VerifyCXX --check-build-system CMakeFiles/Makefile.cmake 0
/opt/local/bin/cmake -E cmake_progress_start /Users/ww5/dev/Testing123/build/CMakeFiles/FortranCInterface/VerifyCXX/CMakeFiles /Users/ww5/dev/Testing123/build/CMakeFiles/FortranCInterface/VerifyCXX/CMakeFiles/progress.marks
/opt/local/bin/gmake -f CMakeFiles/Makefile2 all
gmake[1]: Entering directory '/Users/ww5/dev/Testing123/build/CMakeFiles/FortranCInterface/VerifyCXX'
/opt/local/bin/gmake -f CMakeFiles/VerifyFortran.dir/build.make CMakeFiles/VerifyFortran.dir/depend
gmake[2]: Entering directory '/Users/ww5/dev/Testing123/build/CMakeFiles/FortranCInterface/VerifyCXX'
cd /Users/ww5/dev/Testing123/build/CMakeFiles/FortranCInterface/VerifyCXX && /opt/local/bin/cmake -E cmake_depends "Unix Makefiles" /opt/local/share/cmake-3.4/Modules/FortranCInterface/Verify /opt/local/share/cmake-3.4/Modules/FortranCInterface/Verify /Users/ww5/dev/Testing123/build/CMakeFiles/FortranCInterface/VerifyCXX /Users/ww5/dev/Testing123/build/CMakeFiles/FortranCInterface/VerifyCXX /Users/ww5/dev/Testing123/build/CMakeFiles/FortranCInterface/VerifyCXX/CMakeFiles/VerifyFortran.dir/DependInfo.cmake
Scanning dependencies of target VerifyFortran
gmake[2]: Leaving directory '/Users/ww5/dev/Testing123/build/CMakeFiles/FortranCInterface/VerifyCXX'
/opt/local/bin/gmake -f CMakeFiles/VerifyFortran.dir/build.make CMakeFiles/VerifyFortran.dir/requires
gmake[2]: Entering directory '/Users/ww5/dev/Testing123/build/CMakeFiles/FortranCInterface/VerifyCXX'
gmake[2]: Nothing to be done for 'CMakeFiles/VerifyFortran.dir/requires'.
gmake[2]: Leaving directory '/Users/ww5/dev/Testing123/build/CMakeFiles/FortranCInterface/VerifyCXX'
/opt/local/bin/gmake -f CMakeFiles/VerifyFortran.dir/build.make CMakeFiles/VerifyFortran.dir/build
gmake[2]: Entering directory '/Users/ww5/dev/Testing123/build/CMakeFiles/FortranCInterface/VerifyCXX'
[ 16%] Building Fortran object CMakeFiles/VerifyFortran.dir/VerifyFortran.f.o
/usr/local/bin/gfortran  -DVERIFY_CXX -I/Users/ww5/dev/Testing123/build/CMakeFiles/FortranCInterface/VerifyCXX  -cpp  -ffree-line-length-none -pthread -O3   -c /opt/local/share/cmake-3.4/Modules/FortranCInterface/Verify/VerifyFortran.f -o CMakeFiles/VerifyFortran.dir/VerifyFortran.f.o
[ 33%] Linking Fortran static library libVerifyFortran.a
/opt/local/bin/cmake -P CMakeFiles/VerifyFortran.dir/cmake_clean_target.cmake
/opt/local/bin/cmake -E cmake_link_script CMakeFiles/VerifyFortran.dir/link.txt --verbose=1
/Applications/Xcode.app/Contents/Developer/Toolchains/XcodeDefault.xctoolchain/usr/bin/ar qc libVerifyFortran.a  CMakeFiles/VerifyFortran.dir/VerifyFortran.f.o
/Applications/Xcode.app/Contents/Developer/Toolchains/XcodeDefault.xctoolchain/usr/bin/ranlib libVerifyFortran.a
gmake[2]: Leaving directory '/Users/ww5/dev/Testing123/build/CMakeFiles/FortranCInterface/VerifyCXX'
[ 33%] Built target VerifyFortran
/opt/local/bin/gmake -f CMakeFiles/VerifyFortranC.dir/build.make CMakeFiles/VerifyFortranC.dir/depend
gmake[2]: Entering directory '/Users/ww5/dev/Testing123/build/CMakeFiles/FortranCInterface/VerifyCXX'
cd /Users/ww5/dev/Testing123/build/CMakeFiles/FortranCInterface/VerifyCXX && /opt/local/bin/cmake -E cmake_depends "Unix Makefiles" /opt/local/share/cmake-3.4/Modules/FortranCInterface/Verify /opt/local/share/cmake-3.4/Modules/FortranCInterface/Verify /Users/ww5/dev/Testing123/build/CMakeFiles/FortranCInterface/VerifyCXX /Users/ww5/dev/Testing123/build/CMakeFiles/FortranCInterface/VerifyCXX /Users/ww5/dev/Testing123/build/CMakeFiles/FortranCInterface/VerifyCXX/CMakeFiles/VerifyFortranC.dir/DependInfo.cmake
Scanning dependencies of target VerifyFortranC
gmake[2]: Leaving directory '/Users/ww5/dev/Testing123/build/CMakeFiles/FortranCInterface/VerifyCXX'
/opt/local/bin/gmake -f CMakeFiles/VerifyFortranC.dir/build.make CMakeFiles/VerifyFortranC.dir/build
gmake[2]: Entering directory '/Users/ww5/dev/Testing123/build/CMakeFiles/FortranCInterface/VerifyCXX'
[ 50%] Building C object CMakeFiles/VerifyFortranC.dir/main.c.o
/Applications/Xcode.app/Contents/Developer/Toolchains/XcodeDefault.xctoolchain/usr/bin/cc  -DVERIFY_CXX -I/Users/ww5/dev/Testing123/build/CMakeFiles/FortranCInterface/VerifyCXX  -O3 -DNDEBUG   -o CMakeFiles/VerifyFortranC.dir/main.c.o   -c /opt/local/share/cmake-3.4/Modules/FortranCInterface/Verify/main.c
[ 66%] Building C object CMakeFiles/VerifyFortranC.dir/VerifyC.c.o
/Applications/Xcode.app/Contents/Developer/Toolchains/XcodeDefault.xctoolchain/usr/bin/cc  -DVERIFY_CXX -I/Users/ww5/dev/Testing123/build/CMakeFiles/FortranCInterface/VerifyCXX  -O3 -DNDEBUG   -o CMakeFiles/VerifyFortranC.dir/VerifyC.c.o   -c /opt/local/share/cmake-3.4/Modules/FortranCInterface/Verify/VerifyC.c
[ 83%] Building CXX object CMakeFiles/VerifyFortranC.dir/VerifyCXX.cxx.o
/Applications/Xcode.app/Contents/Developer/Toolchains/XcodeDefault.xctoolchain/usr/bin/c++   -DVERIFY_CXX -I/Users/ww5/dev/Testing123/build/CMakeFiles/FortranCInterface/VerifyCXX  -std=c++11 -O3 -DNDEBUG   -o CMakeFiles/VerifyFortranC.dir/VerifyCXX.cxx.o -c /opt/local/share/cmake-3.4/Modules/FortranCInterface/Verify/VerifyCXX.cxx
[100%] Linking CXX executable VerifyFortranC
/opt/local/bin/cmake -E cmake_link_script CMakeFiles/VerifyFortranC.dir/link.txt --verbose=1
/Applications/Xcode.app/Contents/Developer/Toolchains/XcodeDefault.xctoolchain/usr/bin/c++    -std=c++11 -O3 -DNDEBUG -Wl,-search_paths_first -Wl,-headerpad_max_install_names  CMakeFiles/VerifyFortranC.dir/main.c.o CMakeFiles/VerifyFortranC.dir/VerifyC.c.o CMakeFiles/VerifyFortranC.dir/VerifyCXX.cxx.o  -o VerifyFortranC  -L/usr/local/Cellar/gcc/5.3.0/lib/gcc/5/gcc/x86_64-apple-darwin15.0.0/5.3.0  -L/usr/local/Cellar/gcc/5.3.0/lib/gcc/5 libVerifyFortran.a -lgfortran -lquadmath -lm 
gmake[2]: Leaving directory '/Users/ww5/dev/Testing123/build/CMakeFiles/FortranCInterface/VerifyCXX'
[100%] Built target VerifyFortranC
gmake[1]: Leaving directory '/Users/ww5/dev/Testing123/build/CMakeFiles/FortranCInterface/VerifyCXX'
/opt/local/bin/cmake -E cmake_progress_start /Users/ww5/dev/Testing123/build/CMakeFiles/FortranCInterface/VerifyCXX/CMakeFiles 0


Performing C SOURCE FILE Test MATH_LIBRARY_IS_SUPPLIED succeded with the following output:
Change Dir: /Users/ww5/dev/Testing123/build/CMakeFiles/CMakeTmp

Run Build Command:"/opt/local/bin/gmake" "cmTC_c5f0b/fast"
/opt/local/bin/gmake -f CMakeFiles/cmTC_c5f0b.dir/build.make CMakeFiles/cmTC_c5f0b.dir/build
gmake[1]: Entering directory '/Users/ww5/dev/Testing123/build/CMakeFiles/CMakeTmp'
Building C object CMakeFiles/cmTC_c5f0b.dir/src.c.o
/Applications/Xcode.app/Contents/Developer/Toolchains/XcodeDefault.xctoolchain/usr/bin/cc    -DMATH_LIBRARY_IS_SUPPLIED   -o CMakeFiles/cmTC_c5f0b.dir/src.c.o   -c /Users/ww5/dev/Testing123/build/CMakeFiles/CMakeTmp/src.c
Linking C executable cmTC_c5f0b
/opt/local/bin/cmake -E cmake_link_script CMakeFiles/cmTC_c5f0b.dir/link.txt --verbose=1
/Applications/Xcode.app/Contents/Developer/Toolchains/XcodeDefault.xctoolchain/usr/bin/cc   -DMATH_LIBRARY_IS_SUPPLIED -Wl,-search_paths_first -Wl,-headerpad_max_install_names   CMakeFiles/cmTC_c5f0b.dir/src.c.o  -o cmTC_c5f0b  
gmake[1]: Leaving directory '/Users/ww5/dev/Testing123/build/CMakeFiles/CMakeTmp'

Source file was:

#include <math.h>
int main()
{
  double val1 = sqrt(1.0);
  double val2 = log10(2.0);
  double val3 = log(2.0);
  return 0;
}
    
Performing C++ SOURCE FILE Test FINITE_VALUE_HAVE_GLOBAL_ISNAN succeded with the following output:
Change Dir: /Users/ww5/dev/Testing123/build/CMakeFiles/CMakeTmp

Run Build Command:"/opt/local/bin/gmake" "cmTC_ff87f/fast"
/opt/local/bin/gmake -f CMakeFiles/cmTC_ff87f.dir/build.make CMakeFiles/cmTC_ff87f.dir/build
gmake[1]: Entering directory '/Users/ww5/dev/Testing123/build/CMakeFiles/CMakeTmp'
Building CXX object CMakeFiles/cmTC_ff87f.dir/src.cxx.o
/Applications/Xcode.app/Contents/Developer/Toolchains/XcodeDefault.xctoolchain/usr/bin/c++     -std=c++11 -DFINITE_VALUE_HAVE_GLOBAL_ISNAN   -o CMakeFiles/cmTC_ff87f.dir/src.cxx.o -c /Users/ww5/dev/Testing123/build/CMakeFiles/CMakeTmp/src.cxx
Linking CXX executable cmTC_ff87f
/opt/local/bin/cmake -E cmake_link_script CMakeFiles/cmTC_ff87f.dir/link.txt --verbose=1
/Applications/Xcode.app/Contents/Developer/Toolchains/XcodeDefault.xctoolchain/usr/bin/c++    -std=c++11 -DFINITE_VALUE_HAVE_GLOBAL_ISNAN -Wl,-search_paths_first -Wl,-headerpad_max_install_names   CMakeFiles/cmTC_ff87f.dir/src.cxx.o  -o cmTC_ff87f  
gmake[1]: Leaving directory '/Users/ww5/dev/Testing123/build/CMakeFiles/CMakeTmp'

Source file was:

#include <cmath>
int main()
{
  double x = 1.0;
  isnan(x);
  return 0;
}
  
Performing C++ SOURCE FILE Test FINITE_VALUE_HAVE_STD_ISNAN succeded with the following output:
Change Dir: /Users/ww5/dev/Testing123/build/CMakeFiles/CMakeTmp

Run Build Command:"/opt/local/bin/gmake" "cmTC_e007e/fast"
/opt/local/bin/gmake -f CMakeFiles/cmTC_e007e.dir/build.make CMakeFiles/cmTC_e007e.dir/build
gmake[1]: Entering directory '/Users/ww5/dev/Testing123/build/CMakeFiles/CMakeTmp'
Building CXX object CMakeFiles/cmTC_e007e.dir/src.cxx.o
/Applications/Xcode.app/Contents/Developer/Toolchains/XcodeDefault.xctoolchain/usr/bin/c++     -std=c++11 -DFINITE_VALUE_HAVE_STD_ISNAN   -o CMakeFiles/cmTC_e007e.dir/src.cxx.o -c /Users/ww5/dev/Testing123/build/CMakeFiles/CMakeTmp/src.cxx
Linking CXX executable cmTC_e007e
/opt/local/bin/cmake -E cmake_link_script CMakeFiles/cmTC_e007e.dir/link.txt --verbose=1
/Applications/Xcode.app/Contents/Developer/Toolchains/XcodeDefault.xctoolchain/usr/bin/c++    -std=c++11 -DFINITE_VALUE_HAVE_STD_ISNAN -Wl,-search_paths_first -Wl,-headerpad_max_install_names   CMakeFiles/cmTC_e007e.dir/src.cxx.o  -o cmTC_e007e  
gmake[1]: Leaving directory '/Users/ww5/dev/Testing123/build/CMakeFiles/CMakeTmp'

Source file was:

#include <cmath>
int main()
{
  double x = 1.0;
  std::isnan(x);
  return 0;
}
  
Performing C++ SOURCE FILE Test FINITE_VALUE_HAVE_GLOBAL_ISINF succeded with the following output:
Change Dir: /Users/ww5/dev/Testing123/build/CMakeFiles/CMakeTmp

Run Build Command:"/opt/local/bin/gmake" "cmTC_f9e25/fast"
/opt/local/bin/gmake -f CMakeFiles/cmTC_f9e25.dir/build.make CMakeFiles/cmTC_f9e25.dir/build
gmake[1]: Entering directory '/Users/ww5/dev/Testing123/build/CMakeFiles/CMakeTmp'
Building CXX object CMakeFiles/cmTC_f9e25.dir/src.cxx.o
/Applications/Xcode.app/Contents/Developer/Toolchains/XcodeDefault.xctoolchain/usr/bin/c++     -std=c++11 -DFINITE_VALUE_HAVE_GLOBAL_ISINF   -o CMakeFiles/cmTC_f9e25.dir/src.cxx.o -c /Users/ww5/dev/Testing123/build/CMakeFiles/CMakeTmp/src.cxx
Linking CXX executable cmTC_f9e25
/opt/local/bin/cmake -E cmake_link_script CMakeFiles/cmTC_f9e25.dir/link.txt --verbose=1
/Applications/Xcode.app/Contents/Developer/Toolchains/XcodeDefault.xctoolchain/usr/bin/c++    -std=c++11 -DFINITE_VALUE_HAVE_GLOBAL_ISINF -Wl,-search_paths_first -Wl,-headerpad_max_install_names   CMakeFiles/cmTC_f9e25.dir/src.cxx.o  -o cmTC_f9e25  
gmake[1]: Leaving directory '/Users/ww5/dev/Testing123/build/CMakeFiles/CMakeTmp'

Source file was:

#include <cmath>
int main()
{
  double x = 1.0;
  isinf(x);
  return 0;
}
  
Performing C++ SOURCE FILE Test FINITE_VALUE_HAVE_STD_ISINF succeded with the following output:
Change Dir: /Users/ww5/dev/Testing123/build/CMakeFiles/CMakeTmp

Run Build Command:"/opt/local/bin/gmake" "cmTC_a97a7/fast"
/opt/local/bin/gmake -f CMakeFiles/cmTC_a97a7.dir/build.make CMakeFiles/cmTC_a97a7.dir/build
gmake[1]: Entering directory '/Users/ww5/dev/Testing123/build/CMakeFiles/CMakeTmp'
Building CXX object CMakeFiles/cmTC_a97a7.dir/src.cxx.o
/Applications/Xcode.app/Contents/Developer/Toolchains/XcodeDefault.xctoolchain/usr/bin/c++     -std=c++11 -DFINITE_VALUE_HAVE_STD_ISINF   -o CMakeFiles/cmTC_a97a7.dir/src.cxx.o -c /Users/ww5/dev/Testing123/build/CMakeFiles/CMakeTmp/src.cxx
Linking CXX executable cmTC_a97a7
/opt/local/bin/cmake -E cmake_link_script CMakeFiles/cmTC_a97a7.dir/link.txt --verbose=1
/Applications/Xcode.app/Contents/Developer/Toolchains/XcodeDefault.xctoolchain/usr/bin/c++    -std=c++11 -DFINITE_VALUE_HAVE_STD_ISINF -Wl,-search_paths_first -Wl,-headerpad_max_install_names   CMakeFiles/cmTC_a97a7.dir/src.cxx.o  -o cmTC_a97a7  
gmake[1]: Leaving directory '/Users/ww5/dev/Testing123/build/CMakeFiles/CMakeTmp'

Source file was:

#include <cmath>
int main()
{
  double x = 1.0;
  std::isinf(x);
  return 0;
}
  
